<?xml version="1.0" encoding="UTF-8"?>
<testsuite name="ru.mtsbank.diplom.diplom.controller.UIControllerTest" tests="10" skipped="0" failures="0" errors="0" timestamp="2024-06-13T16:25:42" hostname="DESKTOP-D1UNUKP" time="1.99">
  <properties/>
  <testcase name="testAccountGet()" classname="ru.mtsbank.diplom.diplom.controller.UIControllerTest" time="1.806"/>
  <testcase name="testContributionGetNoneUser()" classname="ru.mtsbank.diplom.diplom.controller.UIControllerTest" time="0.021"/>
  <testcase name="testAccountGetNoneUser()" classname="ru.mtsbank.diplom.diplom.controller.UIControllerTest" time="0.008"/>
  <testcase name="testAccountPostNoneUser()" classname="ru.mtsbank.diplom.diplom.controller.UIControllerTest" time="0.012"/>
  <testcase name="testIndexGetNoneUser()" classname="ru.mtsbank.diplom.diplom.controller.UIControllerTest" time="0.006"/>
  <testcase name="testAccountPost()" classname="ru.mtsbank.diplom.diplom.controller.UIControllerTest" time="0.045"/>
  <testcase name="testSubmitSMSFalse()" classname="ru.mtsbank.diplom.diplom.controller.UIControllerTest" time="0.015"/>
  <testcase name="testIndexGet()" classname="ru.mtsbank.diplom.diplom.controller.UIControllerTest" time="0.023"/>
  <testcase name="testCreateContribution()" classname="ru.mtsbank.diplom.diplom.controller.UIControllerTest" time="0.027"/>
  <testcase name="testContributionPostNoneUser()" classname="ru.mtsbank.diplom.diplom.controller.UIControllerTest" time="0.006"/>
  <system-out><![CDATA[2024-06-13 19:25:39.605  INFO 1808 --- [    Test worker] .b.t.c.SpringBootTestContextBootstrapper : Neither @ContextConfiguration nor @ContextHierarchy found for test class [ru.mtsbank.diplom.diplom.controller.UIControllerTest], using SpringBootContextLoader
2024-06-13 19:25:39.609  INFO 1808 --- [    Test worker] o.s.t.c.support.AbstractContextLoader    : Could not detect default resource locations for test class [ru.mtsbank.diplom.diplom.controller.UIControllerTest]: no resource found for suffixes {-context.xml, Context.groovy}.
2024-06-13 19:25:39.610  INFO 1808 --- [    Test worker] t.c.s.AnnotationConfigContextLoaderUtils : Could not detect default configuration classes for test class [ru.mtsbank.diplom.diplom.controller.UIControllerTest]: UIControllerTest does not declare any static, non-private, non-final, nested classes annotated with @Configuration.
2024-06-13 19:25:39.723  INFO 1808 --- [    Test worker] .b.t.c.SpringBootTestContextBootstrapper : Found @SpringBootConfiguration ru.mtsbank.diplom.diplom.DiplomApplication for test class ru.mtsbank.diplom.diplom.controller.UIControllerTest
2024-06-13 19:25:39.761  INFO 1808 --- [    Test worker] .b.t.c.SpringBootTestContextBootstrapper : Loaded default TestExecutionListener class names from location [META-INF/spring.factories]: [org.springframework.security.test.context.support.WithSecurityContextTestExecutionListener, org.springframework.security.test.context.support.ReactorContextTestExecutionListener, org.springframework.boot.test.autoconfigure.restdocs.RestDocsTestExecutionListener, org.springframework.boot.test.autoconfigure.web.client.MockRestServiceServerResetTestExecutionListener, org.springframework.boot.test.autoconfigure.web.servlet.MockMvcPrintOnlyOnFailureTestExecutionListener, org.springframework.boot.test.autoconfigure.web.servlet.WebDriverTestExecutionListener, org.springframework.boot.test.autoconfigure.webservices.client.MockWebServiceServerTestExecutionListener, org.springframework.boot.test.mock.mockito.MockitoTestExecutionListener, org.springframework.boot.test.mock.mockito.ResetMocksTestExecutionListener, org.springframework.test.context.web.ServletTestExecutionListener, org.springframework.test.context.support.DirtiesContextBeforeModesTestExecutionListener, org.springframework.test.context.event.ApplicationEventsTestExecutionListener, org.springframework.test.context.support.DependencyInjectionTestExecutionListener, org.springframework.test.context.support.DirtiesContextTestExecutionListener, org.springframework.test.context.transaction.TransactionalTestExecutionListener, org.springframework.test.context.jdbc.SqlScriptsTestExecutionListener, org.springframework.test.context.event.EventPublishingTestExecutionListener]
2024-06-13 19:25:39.764  INFO 1808 --- [    Test worker] .b.t.c.SpringBootTestContextBootstrapper : Using TestExecutionListeners: [org.springframework.test.context.web.ServletTestExecutionListener@377dbc50, org.springframework.test.context.support.DirtiesContextBeforeModesTestExecutionListener@531ec2ca, org.springframework.test.context.event.ApplicationEventsTestExecutionListener@70884875, org.springframework.boot.test.mock.mockito.MockitoTestExecutionListener@7019d619, org.springframework.boot.test.autoconfigure.SpringBootDependencyInjectionTestExecutionListener@2a5c6b76, org.springframework.test.context.support.DirtiesContextTestExecutionListener@ff1f465, org.springframework.security.test.context.support.WithSecurityContextTestExecutionListener@3d88ce0e, org.springframework.test.context.event.EventPublishingTestExecutionListener@31f7eb8, org.springframework.security.test.context.support.ReactorContextTestExecutionListener@4ad1a276, org.springframework.boot.test.autoconfigure.restdocs.RestDocsTestExecutionListener@4a833595, org.springframework.boot.test.autoconfigure.web.client.MockRestServiceServerResetTestExecutionListener@31006a75, org.springframework.boot.test.autoconfigure.web.servlet.MockMvcPrintOnlyOnFailureTestExecutionListener@49122853, org.springframework.boot.test.autoconfigure.web.servlet.WebDriverTestExecutionListener@e97f115, org.springframework.boot.test.autoconfigure.webservices.client.MockWebServiceServerTestExecutionListener@5d6b42cf, org.springframework.boot.test.mock.mockito.ResetMocksTestExecutionListener@6f8ac8d5]

  .   ____          _            __ _ _
 /\\ / ___'_ __ _ _(_)_ __  __ _ \ \ \ \
( ( )\___ | '_ | '_| | '_ \/ _` | \ \ \ \
 \\/  ___)| |_)| | | | | || (_| |  ) ) ) )
  '  |____| .__|_| |_|_| |_\__, | / / / /
 =========|_|==============|___/=/_/_/_/
 :: Spring Boot ::                (v2.7.4)

2024-06-13 19:25:40.724  INFO 1808 --- [    Test worker] r.m.d.d.controller.UIControllerTest      : Starting UIControllerTest using Java 11.0.19 on DESKTOP-D1UNUKP with PID 1808 (started by proro in C:\Users\proro\Documents\diplomMts)
2024-06-13 19:25:40.725  INFO 1808 --- [    Test worker] r.m.d.d.controller.UIControllerTest      : The following 1 profile is active: "test"
2024-06-13 19:25:41.488  INFO 1808 --- [    Test worker] o.s.s.web.DefaultSecurityFilterChain     : Will secure any request with [org.springframework.security.web.session.DisableEncodeUrlFilter@324e8baa, org.springframework.security.web.context.request.async.WebAsyncManagerIntegrationFilter@1488a861, org.springframework.security.web.context.SecurityContextPersistenceFilter@c82d925, org.springframework.security.web.header.HeaderWriterFilter@704c3bdf, org.springframework.security.web.authentication.logout.LogoutFilter@1fa9692b, org.springframework.security.web.authentication.UsernamePasswordAuthenticationFilter@667a467f, org.springframework.security.web.authentication.ui.DefaultLoginPageGeneratingFilter@605eb072, org.springframework.security.web.authentication.ui.DefaultLogoutPageGeneratingFilter@604f376a, org.springframework.security.web.savedrequest.RequestCacheAwareFilter@55c03e4, org.springframework.security.web.servletapi.SecurityContextHolderAwareRequestFilter@14df5253, org.springframework.security.web.authentication.AnonymousAuthenticationFilter@5432dca2, org.springframework.security.web.session.SessionManagementFilter@37986daf, org.springframework.security.web.access.ExceptionTranslationFilter@26f5e45d, org.springframework.security.web.access.intercept.AuthorizationFilter@64420e34]
2024-06-13 19:25:41.721  INFO 1808 --- [    Test worker] o.s.b.a.w.s.WelcomePageHandlerMapping    : Adding welcome page template: index
2024-06-13 19:25:42.179  INFO 1808 --- [    Test worker] o.s.b.t.m.w.SpringBootMockServletContext : Initializing Spring TestDispatcherServlet ''
2024-06-13 19:25:42.179  INFO 1808 --- [    Test worker] o.s.t.web.servlet.TestDispatcherServlet  : Initializing Servlet ''
2024-06-13 19:25:42.180  INFO 1808 --- [    Test worker] o.s.t.web.servlet.TestDispatcherServlet  : Completed initialization in 1 ms
2024-06-13 19:25:42.205  INFO 1808 --- [    Test worker] r.m.d.d.controller.UIControllerTest      : Started UIControllerTest in 2.438 seconds (JVM running for 14.621)
]]></system-out>
  <system-err><![CDATA[]]></system-err>
</testsuite>
