<?xml version="1.0" encoding="UTF-8"?>
<testsuite name="ru.mtsbank.diplom.diplom.service.CustomerRestServiceTest" tests="4" skipped="0" failures="0" errors="0" timestamp="2024-06-13T16:25:44" hostname="DESKTOP-D1UNUKP" time="0.725">
  <properties/>
  <testcase name="getPasswordTest()" classname="ru.mtsbank.diplom.diplom.service.CustomerRestServiceTest" time="0.026"/>
  <testcase name="getHistoryTest()" classname="ru.mtsbank.diplom.diplom.service.CustomerRestServiceTest" time="0.035"/>
  <testcase name="getUserTokenTest()" classname="ru.mtsbank.diplom.diplom.service.CustomerRestServiceTest" time="0.09"/>
  <testcase name="getDepositsTest()" classname="ru.mtsbank.diplom.diplom.service.CustomerRestServiceTest" time="0.57"/>
  <system-out><![CDATA[2024-06-13 19:25:44.215  INFO 1808 --- [    Test worker] .b.t.c.SpringBootTestContextBootstrapper : Neither @ContextConfiguration nor @ContextHierarchy found for test class [ru.mtsbank.diplom.diplom.service.CustomerRestServiceTest], using SpringBootContextLoader
2024-06-13 19:25:44.218  INFO 1808 --- [    Test worker] o.s.t.c.support.AbstractContextLoader    : Could not detect default resource locations for test class [ru.mtsbank.diplom.diplom.service.CustomerRestServiceTest]: no resource found for suffixes {-context.xml, Context.groovy}.
2024-06-13 19:25:44.218  INFO 1808 --- [    Test worker] t.c.s.AnnotationConfigContextLoaderUtils : Could not detect default configuration classes for test class [ru.mtsbank.diplom.diplom.service.CustomerRestServiceTest]: CustomerRestServiceTest does not declare any static, non-private, non-final, nested classes annotated with @Configuration.
2024-06-13 19:25:44.235  INFO 1808 --- [    Test worker] .b.t.c.SpringBootTestContextBootstrapper : Found @SpringBootConfiguration ru.mtsbank.diplom.diplom.DiplomApplication for test class ru.mtsbank.diplom.diplom.service.CustomerRestServiceTest
2024-06-13 19:25:44.237  INFO 1808 --- [    Test worker] .b.t.c.SpringBootTestContextBootstrapper : Loaded default TestExecutionListener class names from location [META-INF/spring.factories]: [org.springframework.security.test.context.support.WithSecurityContextTestExecutionListener, org.springframework.security.test.context.support.ReactorContextTestExecutionListener, org.springframework.boot.test.autoconfigure.restdocs.RestDocsTestExecutionListener, org.springframework.boot.test.autoconfigure.web.client.MockRestServiceServerResetTestExecutionListener, org.springframework.boot.test.autoconfigure.web.servlet.MockMvcPrintOnlyOnFailureTestExecutionListener, org.springframework.boot.test.autoconfigure.web.servlet.WebDriverTestExecutionListener, org.springframework.boot.test.autoconfigure.webservices.client.MockWebServiceServerTestExecutionListener, org.springframework.boot.test.mock.mockito.MockitoTestExecutionListener, org.springframework.boot.test.mock.mockito.ResetMocksTestExecutionListener, org.springframework.test.context.web.ServletTestExecutionListener, org.springframework.test.context.support.DirtiesContextBeforeModesTestExecutionListener, org.springframework.test.context.event.ApplicationEventsTestExecutionListener, org.springframework.test.context.support.DependencyInjectionTestExecutionListener, org.springframework.test.context.support.DirtiesContextTestExecutionListener, org.springframework.test.context.transaction.TransactionalTestExecutionListener, org.springframework.test.context.jdbc.SqlScriptsTestExecutionListener, org.springframework.test.context.event.EventPublishingTestExecutionListener]
2024-06-13 19:25:44.239  INFO 1808 --- [    Test worker] .b.t.c.SpringBootTestContextBootstrapper : Using TestExecutionListeners: [org.springframework.test.context.web.ServletTestExecutionListener@6032622, org.springframework.test.context.support.DirtiesContextBeforeModesTestExecutionListener@5cc075da, org.springframework.test.context.event.ApplicationEventsTestExecutionListener@4258106, org.springframework.boot.test.mock.mockito.MockitoTestExecutionListener@64ef2719, org.springframework.boot.test.autoconfigure.SpringBootDependencyInjectionTestExecutionListener@7b423f90, org.springframework.test.context.support.DirtiesContextTestExecutionListener@24f3fb87, org.springframework.security.test.context.support.WithSecurityContextTestExecutionListener@c7673ae, org.springframework.test.context.event.EventPublishingTestExecutionListener@113c4ad6, org.springframework.security.test.context.support.ReactorContextTestExecutionListener@7be859de, org.springframework.boot.test.autoconfigure.restdocs.RestDocsTestExecutionListener@40fcaae7, org.springframework.boot.test.autoconfigure.web.client.MockRestServiceServerResetTestExecutionListener@7fa85a55, org.springframework.boot.test.autoconfigure.web.servlet.MockMvcPrintOnlyOnFailureTestExecutionListener@cb1c58c, org.springframework.boot.test.autoconfigure.web.servlet.WebDriverTestExecutionListener@352e4b6d, org.springframework.boot.test.autoconfigure.webservices.client.MockWebServiceServerTestExecutionListener@10a064bd, org.springframework.boot.test.mock.mockito.ResetMocksTestExecutionListener@2de7fe0e]
]]></system-out>
  <system-err><![CDATA[]]></system-err>
</testsuite>
