<?xml version="1.0" encoding="UTF-8"?>
<testsuite name="ru.mtsbank.diplom.diplom.DiplomApplicationTests" tests="1" skipped="0" failures="0" errors="0" timestamp="2024-06-13T16:25:38" hostname="DESKTOP-D1UNUKP" time="1.002">
  <properties/>
  <testcase name="contextLoads()" classname="ru.mtsbank.diplom.diplom.DiplomApplicationTests" time="1.002"/>
  <system-out><![CDATA[19:25:30.974 [Test worker] DEBUG org.springframework.test.context.BootstrapUtils - Instantiating CacheAwareContextLoaderDelegate from class [org.springframework.test.context.cache.DefaultCacheAwareContextLoaderDelegate]
19:25:31.003 [Test worker] DEBUG org.springframework.test.context.BootstrapUtils - Instantiating BootstrapContext using constructor [public org.springframework.test.context.support.DefaultBootstrapContext(java.lang.Class,org.springframework.test.context.CacheAwareContextLoaderDelegate)]
19:25:31.096 [Test worker] DEBUG org.springframework.test.context.BootstrapUtils - Instantiating TestContextBootstrapper for test class [ru.mtsbank.diplom.diplom.DiplomApplicationTests] from class [org.springframework.boot.test.context.SpringBootTestContextBootstrapper]
19:25:31.115 [Test worker] INFO org.springframework.boot.test.context.SpringBootTestContextBootstrapper - Neither @ContextConfiguration nor @ContextHierarchy found for test class [ru.mtsbank.diplom.diplom.DiplomApplicationTests], using SpringBootContextLoader
19:25:31.133 [Test worker] DEBUG org.springframework.test.context.support.AbstractContextLoader - Did not detect default resource location for test class [ru.mtsbank.diplom.diplom.DiplomApplicationTests]: class path resource [ru/mtsbank/diplom/diplom/DiplomApplicationTests-context.xml] does not exist
19:25:31.134 [Test worker] DEBUG org.springframework.test.context.support.AbstractContextLoader - Did not detect default resource location for test class [ru.mtsbank.diplom.diplom.DiplomApplicationTests]: class path resource [ru/mtsbank/diplom/diplom/DiplomApplicationTestsContext.groovy] does not exist
19:25:31.134 [Test worker] INFO org.springframework.test.context.support.AbstractContextLoader - Could not detect default resource locations for test class [ru.mtsbank.diplom.diplom.DiplomApplicationTests]: no resource found for suffixes {-context.xml, Context.groovy}.
19:25:31.135 [Test worker] INFO org.springframework.test.context.support.AnnotationConfigContextLoaderUtils - Could not detect default configuration classes for test class [ru.mtsbank.diplom.diplom.DiplomApplicationTests]: DiplomApplicationTests does not declare any static, non-private, non-final, nested classes annotated with @Configuration.
19:25:31.467 [Test worker] DEBUG org.springframework.context.annotation.ClassPathScanningCandidateComponentProvider - Identified candidate component class: file [C:\Users\proro\Documents\diplomMts\build\classes\java\main\ru\mtsbank\diplom\diplom\DiplomApplication.class]
19:25:31.469 [Test worker] INFO org.springframework.boot.test.context.SpringBootTestContextBootstrapper - Found @SpringBootConfiguration ru.mtsbank.diplom.diplom.DiplomApplication for test class ru.mtsbank.diplom.diplom.DiplomApplicationTests
19:25:31.979 [Test worker] DEBUG org.springframework.boot.test.context.SpringBootTestContextBootstrapper - @TestExecutionListeners is not present for class [ru.mtsbank.diplom.diplom.DiplomApplicationTests]: using defaults.
19:25:31.980 [Test worker] INFO org.springframework.boot.test.context.SpringBootTestContextBootstrapper - Loaded default TestExecutionListener class names from location [META-INF/spring.factories]: [org.springframework.security.test.context.support.WithSecurityContextTestExecutionListener, org.springframework.security.test.context.support.ReactorContextTestExecutionListener, org.springframework.boot.test.autoconfigure.restdocs.RestDocsTestExecutionListener, org.springframework.boot.test.autoconfigure.web.client.MockRestServiceServerResetTestExecutionListener, org.springframework.boot.test.autoconfigure.web.servlet.MockMvcPrintOnlyOnFailureTestExecutionListener, org.springframework.boot.test.autoconfigure.web.servlet.WebDriverTestExecutionListener, org.springframework.boot.test.autoconfigure.webservices.client.MockWebServiceServerTestExecutionListener, org.springframework.boot.test.mock.mockito.MockitoTestExecutionListener, org.springframework.boot.test.mock.mockito.ResetMocksTestExecutionListener, org.springframework.test.context.web.ServletTestExecutionListener, org.springframework.test.context.support.DirtiesContextBeforeModesTestExecutionListener, org.springframework.test.context.event.ApplicationEventsTestExecutionListener, org.springframework.test.context.support.DependencyInjectionTestExecutionListener, org.springframework.test.context.support.DirtiesContextTestExecutionListener, org.springframework.test.context.transaction.TransactionalTestExecutionListener, org.springframework.test.context.jdbc.SqlScriptsTestExecutionListener, org.springframework.test.context.event.EventPublishingTestExecutionListener]
19:25:32.039 [Test worker] DEBUG org.springframework.boot.test.context.SpringBootTestContextBootstrapper - Skipping candidate TestExecutionListener [org.springframework.test.context.transaction.TransactionalTestExecutionListener] due to a missing dependency. Specify custom listener classes or make the default listener classes and their required dependencies available. Offending class: [org/springframework/transaction/interceptor/TransactionAttributeSource]
19:25:32.041 [Test worker] DEBUG org.springframework.boot.test.context.SpringBootTestContextBootstrapper - Skipping candidate TestExecutionListener [org.springframework.test.context.jdbc.SqlScriptsTestExecutionListener] due to a missing dependency. Specify custom listener classes or make the default listener classes and their required dependencies available. Offending class: [org/springframework/transaction/interceptor/TransactionAttribute]
19:25:32.048 [Test worker] INFO org.springframework.boot.test.context.SpringBootTestContextBootstrapper - Using TestExecutionListeners: [org.springframework.test.context.web.ServletTestExecutionListener@214894fc, org.springframework.test.context.support.DirtiesContextBeforeModesTestExecutionListener@10567255, org.springframework.test.context.event.ApplicationEventsTestExecutionListener@e362c57, org.springframework.boot.test.mock.mockito.MockitoTestExecutionListener@1c4ee95c, org.springframework.boot.test.autoconfigure.SpringBootDependencyInjectionTestExecutionListener@79c4715d, org.springframework.test.context.support.DirtiesContextTestExecutionListener@5aa360ea, org.springframework.security.test.context.support.WithSecurityContextTestExecutionListener@6548bb7d, org.springframework.test.context.event.EventPublishingTestExecutionListener@e27ba81, org.springframework.security.test.context.support.ReactorContextTestExecutionListener@54336c81, org.springframework.boot.test.autoconfigure.restdocs.RestDocsTestExecutionListener@1556f2dd, org.springframework.boot.test.autoconfigure.web.client.MockRestServiceServerResetTestExecutionListener@35e52059, org.springframework.boot.test.autoconfigure.web.servlet.MockMvcPrintOnlyOnFailureTestExecutionListener@62577d6, org.springframework.boot.test.autoconfigure.web.servlet.WebDriverTestExecutionListener@49bd54f7, org.springframework.boot.test.autoconfigure.webservices.client.MockWebServiceServerTestExecutionListener@6b5f8707, org.springframework.boot.test.mock.mockito.ResetMocksTestExecutionListener@772485dd]
19:25:32.070 [Test worker] DEBUG org.springframework.test.context.support.AbstractDirtiesContextTestExecutionListener - Before test class: context [DefaultTestContext@7cc9ce8 testClass = DiplomApplicationTests, testInstance = [null], testMethod = [null], testException = [null], mergedContextConfiguration = [WebMergedContextConfiguration@2e27d72f testClass = DiplomApplicationTests, locations = '{}', classes = '{class ru.mtsbank.diplom.diplom.DiplomApplication}', contextInitializerClasses = '[]', activeProfiles = '{test}', propertySourceLocations = '{}', propertySourceProperties = '{org.springframework.boot.test.context.SpringBootTestContextBootstrapper=true}', contextCustomizers = set[org.springframework.boot.test.autoconfigure.actuate.metrics.MetricsExportContextCustomizerFactory$DisableMetricExportContextCustomizer@62dae540, org.springframework.boot.test.autoconfigure.properties.PropertyMappingContextCustomizer@0, org.springframework.boot.test.autoconfigure.web.servlet.WebDriverContextCustomizerFactory$Customizer@7a8fa663, [ImportsContextCustomizer@c0b41d6 key = [ru.mtsbank.diplom.diplom.TestsConfiguration]], org.springframework.boot.test.context.filter.ExcludeFilterContextCustomizer@7e38a7fe, org.springframework.boot.test.json.DuplicateJsonObjectContextCustomizerFactory$DuplicateJsonObjectContextCustomizer@4b3c354a, org.springframework.boot.test.mock.mockito.MockitoContextCustomizer@0, org.springframework.boot.test.web.client.TestRestTemplateContextCustomizer@20b5f2ac, org.springframework.boot.test.context.SpringBootTestArgs@1, org.springframework.boot.test.context.SpringBootTestWebEnvironment@560348e6], resourceBasePath = 'src/main/webapp', contextLoader = 'org.springframework.boot.test.context.SpringBootContextLoader', parent = [null]], attributes = map['org.springframework.test.context.web.ServletTestExecutionListener.activateListener' -> true]], class annotated with @DirtiesContext [false] with mode [null].

  .   ____          _            __ _ _
 /\\ / ___'_ __ _ _(_)_ __  __ _ \ \ \ \
( ( )\___ | '_ | '_| | '_ \/ _` | \ \ \ \
 \\/  ___)| |_)| | | | | || (_| |  ) ) ) )
  '  |____| .__|_| |_|_| |_\__, | / / / /
 =========|_|==============|___/=/_/_/_/
 :: Spring Boot ::                (v2.7.4)

2024-06-13 19:25:33.015  INFO 1808 --- [    Test worker] r.m.d.diplom.DiplomApplicationTests      : Starting DiplomApplicationTests using Java 11.0.19 on DESKTOP-D1UNUKP with PID 1808 (started by proro in C:\Users\proro\Documents\diplomMts)
2024-06-13 19:25:33.017  INFO 1808 --- [    Test worker] r.m.d.diplom.DiplomApplicationTests      : The following 1 profile is active: "test"
2024-06-13 19:25:37.340  INFO 1808 --- [    Test worker] o.s.s.web.DefaultSecurityFilterChain     : Will secure any request with [org.springframework.security.web.session.DisableEncodeUrlFilter@2d5a1588, org.springframework.security.web.context.request.async.WebAsyncManagerIntegrationFilter@4f116ca2, org.springframework.security.web.context.SecurityContextPersistenceFilter@6002e944, org.springframework.security.web.header.HeaderWriterFilter@2da81754, org.springframework.security.web.authentication.logout.LogoutFilter@262a1fad, org.springframework.security.web.authentication.UsernamePasswordAuthenticationFilter@2db6d68d, org.springframework.security.web.authentication.ui.DefaultLoginPageGeneratingFilter@2f20f7ad, org.springframework.security.web.authentication.ui.DefaultLogoutPageGeneratingFilter@125d47c4, org.springframework.security.web.savedrequest.RequestCacheAwareFilter@78a8978a, org.springframework.security.web.servletapi.SecurityContextHolderAwareRequestFilter@75fe1619, org.springframework.security.web.authentication.AnonymousAuthenticationFilter@193bb809, org.springframework.security.web.session.SessionManagementFilter@261bd7b, org.springframework.security.web.access.ExceptionTranslationFilter@2921a36a, org.springframework.security.web.access.intercept.AuthorizationFilter@68ef01a5]
2024-06-13 19:25:37.859  INFO 1808 --- [    Test worker] o.s.b.a.w.s.WelcomePageHandlerMapping    : Adding welcome page template: index
2024-06-13 19:25:38.478  INFO 1808 --- [    Test worker] r.m.d.diplom.DiplomApplicationTests      : Started DiplomApplicationTests in 6.281 seconds (JVM running for 10.894)
]]></system-out>
  <system-err><![CDATA[]]></system-err>
</testsuite>
